0 info it worked if it ends with ok
1 verbose cli [ 'C:\\Program Files\\nodejs\\node.exe',
1 verbose cli   'C:\\Users\\BM\\AppData\\Roaming\\npm\\node_modules\\npm\\bin\\npm-cli.js',
1 verbose cli   'run',
1 verbose cli   'start' ]
2 info using npm@4.1.1
3 info using node@v4.5.0
4 verbose run-script [ 'prestart', 'start', 'poststart' ]
5 info lifecycle myblog@0.0.1~prestart: myblog@0.0.1
6 silly lifecycle myblog@0.0.1~prestart: no script for prestart, continuing
7 info lifecycle myblog@0.0.1~start: myblog@0.0.1
8 verbose lifecycle myblog@0.0.1~start: unsafe-perm in lifecycle true
9 verbose lifecycle myblog@0.0.1~start: PATH: C:\Users\BM\AppData\Roaming\npm\node_modules\npm\bin\node-gyp-bin;C:\dev\git\study\express\myblog\node_modules\.bin;C:\ProgramData\Oracle\Java\javapath;C:\Program Files (x86)\Intel\iCLS Client\;C:\Program Files\Intel\iCLS Client\;C:\WINDOWS\system32;C:\WINDOWS;C:\WINDOWS\System32\Wbem;C:\WINDOWS\System32\WindowsPowerShell\v1.0\;C:\Program Files\Intel\WiFi\bin\;C:\Program Files\Common Files\Intel\WirelessCommon\;C:\Program Files (x86)\Intel\Intel(R) Management Engine Components\DAL;C:\Program Files\Intel\Intel(R) Management Engine Components\DAL;C:\Program Files (x86)\Intel\Intel(R) Management Engine Components\IPT;C:\Program Files\Intel\Intel(R) Management Engine Components\IPT;C:\Program Files\Samsung\SamsungLink\AllShare Framework DMS\bin\;C:\Program Files\Java\jdk1.7.0_79\bin;C:\Program Files\nodejs\;C:\Program Files\Git\cmd;C:\Program Files (x86)\MySQL\MySQL Fabric 1.5.4 & MySQL Utilities 1.5.4 1.5\;C:\Program Files (x86)\MySQL\MySQL Fabric 1.5.4 & MySQL Utilities 1.5.4 1.5\Doctrine extensions for PHP\;C:\Users\BM\AppData\Roaming\npm;C:\Program Files\Bandizip\7z;C:\Users\BM\AppData\Local\Microsoft\WindowsApps;C:\Program Files (x86)\Microsoft VS Code\bin;C:\Users\BM\AppData\Local\atom\bin
10 verbose lifecycle myblog@0.0.1~start: CWD: C:\dev\git\study\express\myblog
11 silly lifecycle myblog@0.0.1~start: Args: [ '/d /s /c', 'node ./bin/www' ]
12 silly lifecycle myblog@0.0.1~start: Returned: code: 1  signal: null
13 info lifecycle myblog@0.0.1~start: Failed to exec start script
14 verbose stack Error: myblog@0.0.1 start: `node ./bin/www`
14 verbose stack Exit status 1
14 verbose stack     at EventEmitter.<anonymous> (C:\Users\BM\AppData\Roaming\npm\node_modules\npm\lib\utils\lifecycle.js:279:16)
14 verbose stack     at emitTwo (events.js:87:13)
14 verbose stack     at EventEmitter.emit (events.js:172:7)
14 verbose stack     at ChildProcess.<anonymous> (C:\Users\BM\AppData\Roaming\npm\node_modules\npm\lib\utils\spawn.js:40:14)
14 verbose stack     at emitTwo (events.js:87:13)
14 verbose stack     at ChildProcess.emit (events.js:172:7)
14 verbose stack     at maybeClose (internal/child_process.js:829:16)
14 verbose stack     at Process.ChildProcess._handle.onexit (internal/child_process.js:211:5)
15 verbose pkgid myblog@0.0.1
16 verbose cwd C:\dev\git\study\express\myblog
17 error Windows_NT 10.0.14393
18 error argv "C:\\Program Files\\nodejs\\node.exe" "C:\\Users\\BM\\AppData\\Roaming\\npm\\node_modules\\npm\\bin\\npm-cli.js" "run" "start"
19 error node v4.5.0
20 error npm  v4.1.1
21 error code ELIFECYCLE
22 error myblog@0.0.1 start: `node ./bin/www`
22 error Exit status 1
23 error Failed at the myblog@0.0.1 start script 'node ./bin/www'.
23 error Make sure you have the latest version of node.js and npm installed.
23 error If you do, this is most likely a problem with the myblog package,
23 error not with npm itself.
23 error Tell the author that this fails on your system:
23 error     node ./bin/www
23 error You can get information on how to open an issue for this project with:
23 error     npm bugs myblog
23 error Or if that isn't available, you can get their info via:
23 error     npm owner ls myblog
23 error There is likely additional logging output above.
24 verbose exit [ 1, true ]
